  ▲ Next.js 14.2.28
  - Local:        http://localhost:3000
  - Experiments (use with caution):
    · outputFileTracingRoot

 ✓ Starting...
 ✓ Ready in 1410ms
 ○ Compiling / ...
 ✓ Compiled / in 1647ms (489 modules)
 GET / 200 in 1855ms
 ✓ Compiled in 396ms (250 modules)
 ✓ Compiled /api/auth/providers in 174ms (269 modules)
 GET /api/auth/providers 200 in 286ms
 GET / 200 in 61ms
 ✓ Compiled /login in 475ms (548 modules)
 ✓ Compiled /api/auth/csrf in 107ms (293 modules)
 GET /api/auth/csrf 200 in 151ms
 ✓ Compiled /_not-found in 213ms (553 modules)
 POST /api/signup 404 in 270ms
 GET /api/auth/csrf 200 in 30ms
 POST /api/auth/callback/credentials 404 in 19ms
 ✓ Compiled in 266ms (271 modules)
 ✓ Compiled in 490ms (553 modules)
[?25h
