  ▲ Next.js 14.2.28
  - Local:        http://localhost:3000
  - Environments: .env.local
  - Experiments (use with caution):
    · outputFileTracingRoot

 ✓ Starting...
 ✓ Ready in 1802ms
 ○ Compiling / ...
 ✓ Compiled / in 1860ms (489 modules)
 GET / 200 in 2271ms
 ✓ Compiled in 432ms (250 modules)
 GET / 200 in 43ms
 ○ Compiling /admin ...
 ✓ Compiled /admin in 1118ms (759 modules)
 GET / 200 in 74ms
 GET / 200 in 32ms
 GET / 200 in 33ms
 GET / 200 in 30ms
 ✓ Compiled in 276ms (377 modules)
 ✓ Compiled in 123ms (377 modules)
 ✓ Compiled in 360ms (389 modules)
 ✓ Compiled in 301ms (389 modules)
 ✓ Compiled in 275ms (389 modules)
 ✓ Compiled in 326ms (389 modules)
 ✓ Compiled in 565ms (390 modules)
 ✓ Compiled in 361ms (390 modules)
 ✓ Compiled in 433ms (390 modules)
 ✓ Compiled in 274ms (390 modules)
 ✓ Compiled in 288ms (390 modules)
 ✓ Compiled in 270ms (398 modules)
 ✓ Compiled in 199ms (386 modules)
[?25h
