  ▲ Next.js 14.2.28
  - Local:        http://localhost:3000
  - Environments: .env.local
  - Experiments (use with caution):
    · outputFileTracingRoot

 ✓ Starting...
 ✓ Ready in 1614ms
 ○ Compiling / ...
 ✓ Compiled / in 1803ms (489 modules)
 GET / 200 in 1817ms
 ✓ Compiled in 306ms (250 modules)
 ✓ Compiled /api/auth/providers in 293ms (269 modules)
 GET /api/auth/providers 200 in 389ms
 GET / 200 in 63ms
 ✓ Compiled /login in 379ms (548 modules)
 ✓ Compiled /api/auth/csrf in 103ms (293 modules)
 GET /api/auth/csrf 200 in 140ms
 ✓ Compiled /_not-found in 203ms (553 modules)
 POST /api/signup 404 in 255ms
 GET /api/auth/csrf 200 in 18ms
 POST /api/auth/callback/credentials 404 in 17ms
 ✓ Compiled /api/auth/login in 93ms (296 modules)
 POST /api/auth/login 302 in 131ms
[?25h
