  ▲ Next.js 14.2.28
  - Local:        http://localhost:3000
  - Experiments (use with caution):
    · outputFileTracingRoot

 ✓ Starting...
 ✓ Ready in 1577ms
 ○ Compiling / ...
 ✓ Compiled / in 2.3s (496 modules)
 GET / 200 in 2381ms
 ✓ Compiled in 373ms (250 modules)
 ✓ Compiled /api/auth/providers in 193ms (269 modules)
 GET /api/auth/providers 200 in 280ms
 GET / 200 in 161ms
 ✓ Compiled /login in 414ms (548 modules)
 ✓ Compiled /api/auth/csrf in 111ms (293 modules)
 GET /api/auth/csrf 200 in 149ms
 ✓ Compiled /_not-found in 212ms (553 modules)
 POST /api/signup 404 in 267ms
 GET /api/auth/csrf 200 in 27ms
 POST /api/auth/callback/credentials 404 in 18ms
 ✓ Compiled /api/auth/login in 132ms (296 modules)
 POST /api/auth/login 302 in 175ms
 ✓ Compiled /api/auth/signup in 165ms (298 modules)
 POST /api/auth/signup 422 in 234ms
 POST /api/auth/signup 422 in 21ms
 POST /api/auth/signup 200 in 302ms
[?25h
