  ▲ Next.js 14.2.28
  - Experiments (use with caution):
    · outputFileTracingRoot

   Creating an optimized production build ...
 ✓ Compiled successfully
   Skipping linting
   Checking validity of types ...
   Collecting page data ...
   Generating static pages (0/8) ...
   Generating static pages (2/8) 
   Generating static pages (4/8) 
   Generating static pages (6/8) 
 ✓ Generating static pages (8/8)
   Finalizing page optimization ...
   Collecting build traces ...

Route (app)                              Size     First Load JS
┌ ○ /                                    2.57 kB          98 kB
├ ○ /_not-found                          872 B          88.1 kB
├ ○ /admin                               6.05 kB         114 kB
├ ○ /dashboard                           3.73 kB         107 kB
├ ○ /instructor                          6.38 kB         115 kB
└ ○ /login                               4.26 kB         108 kB
+ First Load JS shared by all            87.2 kB
  ├ chunks/156-ba4f115f3e704062.js       31.7 kB
  ├ chunks/ceb5afef-55dfafb3396e9efc.js  53.6 kB
  └ other shared chunks (total)          1.89 kB


○  (Static)  prerendered as static content

exit_code=0
