  ▲ Next.js 14.2.28
  - Local:        http://localhost:3000
  - Environments: .env.local
  - Experiments (use with caution):
    · outputFileTracingRoot

 ✓ Starting...
 ✓ Ready in 1505ms
 ○ Compiling / ...
 ✓ Compiled / in 1514ms (489 modules)
 GET / 200 in 1881ms
 ✓ Compiled in 360ms (250 modules)
 GET / 200 in 40ms
 ○ Compiling /admin ...
 ✓ Compiled /admin in 1028ms (759 modules)
 GET / 200 in 78ms
 GET / 200 in 27ms
 GET / 200 in 24ms
 GET / 200 in 27ms
 GET / 200 in 28ms
 GET / 200 in 27ms
 GET / 200 in 24ms
 ✓ Compiled in 359ms (616 modules)
[?25h
