Attention: Next.js now collects completely anonymous telemetry regarding usage.
This information is used to shape Next.js' roadmap and prioritize features.
You can learn more, including how to opt-out if you'd not like to participate in this anonymous program, by visiting the following URL:
https://nextjs.org/telemetry

  ▲ Next.js 14.2.28
  - Experiments (use with caution):
    · outputFileTracingRoot

   Creating an optimized production build ...
 ✓ Compiled successfully
   Skipping linting
   Checking validity of types ...

   We detected TypeScript in your project and reconfigured your tsconfig.json file for you. Strict-mode is set to false by default.
   The following suggested values were added to your tsconfig.json. These values can be changed to fit your project's needs:

   	- include was updated to add '.build/types/**/*.ts'

   Collecting page data ...
   Generating static pages (0/8) ...
   Generating static pages (2/8) 
   Generating static pages (4/8) 
   Generating static pages (6/8) 
 ✓ Generating static pages (8/8)
   Finalizing page optimization ...
   Collecting build traces ...

Route (app)                              Size     First Load JS
┌ ○ /                                    2.37 kB        97.8 kB
├ ○ /_not-found                          872 B          88.1 kB
├ ○ /admin                               5.87 kB         114 kB
├ ○ /dashboard                           3.54 kB         107 kB
├ ○ /instructor                          6.2 kB          114 kB
└ ○ /login                               4.07 kB         108 kB
+ First Load JS shared by all            87.2 kB
  ├ chunks/156-ba4f115f3e704062.js       31.7 kB
  ├ chunks/ceb5afef-55dfafb3396e9efc.js  53.6 kB
  └ other shared chunks (total)          1.89 kB


○  (Static)  prerendered as static content

exit_code=0
