  ▲ Next.js 14.2.28
  - Local:        http://localhost:3000
  - Experiments (use with caution):
    · outputFileTracingRoot

 ✓ Starting...
 ✓ Ready in 1386ms
 ○ Compiling / ...
 ✓ Compiled / in 1518ms (489 modules)
 GET / 200 in 1569ms
 ✓ Compiled in 370ms (250 modules)
 ✓ Compiled /api/auth/providers in 263ms (269 modules)
 GET /api/auth/providers 200 in 366ms
 GET / 200 in 200ms
 ○ Compiling /login ...
 ✓ Compiled /login in 559ms (548 modules)
 ✓ Compiled /_not-found in 210ms (551 modules)
 GET /api/auth/csrf 404 in 268ms
 POST /api/signup 404 in 22ms
 GET /api/auth/csrf 404 in 19ms
 ✓ Compiled in 250ms (271 modules)
 ✓ Compiled in 663ms (563 modules)
[?25h
