  ▲ Next.js 14.2.28
  - Local:        http://localhost:3000
  - Environments: .env.local
  - Experiments (use with caution):
    · outputFileTracingRoot

 ✓ Starting...
 ✓ Ready in 1554ms
 ○ Compiling / ...
 ✓ Compiled / in 1680ms (489 modules)
 GET / 200 in 1747ms
 ✓ Compiled in 424ms (250 modules)
 ✓ Compiled /api/auth/providers in 328ms (269 modules)
 GET /api/auth/providers 200 in 432ms
 GET / 200 in 63ms
 ✓ Compiled /login in 444ms (548 modules)
 ✓ Compiled /api/auth/csrf in 101ms (293 modules)
 GET /api/auth/csrf 200 in 140ms
 ✓ Compiled /_not-found in 215ms (553 modules)
 POST /api/signup 404 in 272ms
 GET /api/auth/csrf 200 in 21ms
 POST /api/auth/callback/credentials 404 in 23ms
   Reload env: .env
 ✓ Compiled in 262ms (553 modules)
 ✓ Compiled in 587ms (309 modules)
 ✓ Compiled in 296ms (309 modules)
 ✓ Compiled in 242ms (309 modules)
 ✓ Compiled in 296ms (309 modules)
 ✓ Compiled in 231ms (309 modules)
[?25h
