Attention: Next.js now collects completely anonymous telemetry regarding usage.
This information is used to shape Next.js' roadmap and prioritize features.
You can learn more, including how to opt-out if you'd not like to participate in this anonymous program, by visiting the following URL:
https://nextjs.org/telemetry

  ▲ Next.js 14.2.28
  - Experiments (use with caution):
    · outputFileTracingRoot

   Creating an optimized production build ...
 ✓ Compiled successfully
   Skipping linting
   Checking validity of types ...
   Collecting page data ...
   Generating static pages (0/16) ...
   Generating static pages (4/16) 
   Generating static pages (8/16) 
   Generating static pages (12/16) 
 ✓ Generating static pages (16/16)
   Finalizing page optimization ...
   Collecting build traces ...

Route (app)                              Size     First Load JS
┌ ○ /                                    1.52 kB        88.7 kB
├ ○ /_not-found                          873 B          88.1 kB
├ ○ /admin                               25.8 kB         158 kB
├ ƒ /api/auth/[...nextauth]              0 B                0 B
├ ○ /api/auth/csrf                       0 B                0 B
├ ƒ /api/auth/login                      0 B                0 B
├ ƒ /api/auth/logout                     0 B                0 B
├ ○ /api/auth/providers                  0 B                0 B
├ ƒ /api/auth/session                    0 B                0 B
├ ƒ /api/auth/signup                     0 B                0 B
├ ○ /api/health                          0 B                0 B
├ ƒ /api/signup                          0 B                0 B
├ ○ /dashboard                           2.58 kB          98 kB
├ ○ /instructor                          3.98 kB         136 kB
└ ○ /login                               3.26 kB        98.7 kB
+ First Load JS shared by all            87.2 kB
  ├ chunks/117-0fa640e64234fbf0.js       31.6 kB
  ├ chunks/fd9d1056-9e191f0896c1d560.js  53.6 kB
  └ other shared chunks (total)          1.96 kB


○  (Static)   prerendered as static content
ƒ  (Dynamic)  server-rendered on demand

Successfully built app artifact
