  ▲ Next.js 14.2.28
  - Local:        http://localhost:3000
  - Environments: .env.local
  - Experiments (use with caution):
    · outputFileTracingRoot

 ✓ Starting...
 ✓ Ready in 1625ms
 ○ Compiling / ...
 ✓ Compiled / in 1683ms (489 modules)
 GET / 200 in 1728ms
 ✓ Compiled in 395ms (250 modules)
 ✓ Compiled /api/auth/providers in 290ms (269 modules)
 GET /api/auth/providers 200 in 385ms
 GET / 200 in 59ms
 ✓ Compiled /login in 457ms (548 modules)
 ✓ Compiled /api/auth/csrf in 101ms (293 modules)
 GET /api/auth/csrf 200 in 138ms
 ✓ Compiled /_not-found in 208ms (553 modules)
 POST /api/signup 404 in 264ms
 GET /api/auth/csrf 200 in 22ms
 POST /api/auth/callback/credentials 404 in 24ms
[?25h
