  ▲ Next.js 14.2.28
  - Local:        http://localhost:3000
  - Environments: .env.local
  - Experiments (use with caution):
    · outputFileTracingRoot

 ✓ Starting...
 ✓ Ready in 1491ms
 ○ Compiling / ...
 ✓ Compiled / in 1854ms (489 modules)
 ✓ Compiled in 624ms (250 modules)
 GET / 200 in 2521ms
 GET / 200 in 38ms
 ○ Compiling /admin ...
 ✓ Compiled /admin in 1704ms (791 modules)
 GET / 200 in 73ms
 GET / 200 in 31ms
 GET / 200 in 32ms
 GET / 200 in 28ms
 GET / 200 in 27ms
 GET / 200 in 28ms
 GET / 200 in 26ms
 GET / 200 in 26ms
[?25h
