  ▲ Next.js 14.2.28
  - Environments: .env.local
  - Experiments (use with caution):
    · outputFileTracingRoot

   Creating an optimized production build ...
 ✓ Compiled successfully
   Skipping linting
   Checking validity of types ...
   Collecting page data ...
   Generating static pages (0/13) ...
   Generating static pages (3/13) 
   Generating static pages (6/13) 
   Generating static pages (9/13) 
 ✓ Generating static pages (13/13)
   Finalizing page optimization ...
   Collecting build traces ...

Route (app)                              Size     First Load JS
┌ ○ /                                    1.25 kB         100 kB
├ ○ /_not-found                          872 B          88.1 kB
├ ○ /admin                               43.3 kB         156 kB
├ ○ /api/auth/csrf                       0 B                0 B
├ ƒ /api/auth/login                      0 B                0 B
├ ○ /api/auth/providers                  0 B                0 B
├ ƒ /api/auth/signup                     0 B                0 B
├ ○ /api/health                          0 B                0 B
├ ○ /dashboard                           2.37 kB         110 kB
├ ○ /instructor                          4.96 kB         118 kB
└ ○ /login                               2.92 kB         110 kB
+ First Load JS shared by all            87.2 kB
  ├ chunks/156-19c70f6b87101c8e.js       31.7 kB
  ├ chunks/ceb5afef-a88ae4c1d1f36d80.js  53.6 kB
  └ other shared chunks (total)          1.9 kB


○  (Static)   prerendered as static content
ƒ  (Dynamic)  server-rendered on demand

exit_code=0
