INFO:     Will watch for changes in these directories: ['/home/ubuntu/music-u-scheduler-frontend']
INFO:     Uvicorn running on http://0.0.0.0:8080 (Press CTRL+C to quit)
INFO:     Started reloader process [9804] using WatchFiles
INFO:     Started server process [9827]
INFO:     Waiting for application startup.
INFO:     Application startup complete.
INFO:     127.0.0.1:39572 - "GET /auth/me HTTP/1.1" 401 Unauthorized
WARNING:  WatchFiles detected changes in 'test_login_credentials.py'. Reloading...
INFO:     Shutting down
INFO:     Waiting for application shutdown.
INFO:     Application shutdown complete.
INFO:     Finished server process [9827]
INFO:     Started server process [9874]
INFO:     Waiting for application startup.
INFO:     Application startup complete.
(trapped) error reading bcrypt version
Traceback (most recent call last):
  File "/home/ubuntu/.local/lib/python3.11/site-packages/passlib/handlers/bcrypt.py", line 620, in _load_backend_mixin
    version = _bcrypt.__about__.__version__
              ^^^^^^^^^^^^^^^^^
AttributeError: module 'bcrypt' has no attribute '__about__'
INFO:     127.0.0.1:38188 - "POST /auth/login HTTP/1.1" 200 OK
INFO:     127.0.0.1:38196 - "GET /auth/me HTTP/1.1" 200 OK
INFO:     127.0.0.1:34380 - "POST /auth/login HTTP/1.1" 200 OK
INFO:     127.0.0.1:34388 - "GET /auth/me HTTP/1.1" 200 OK
WARNING:  WatchFiles detected changes in 'app/main.py'. Reloading...
INFO:     Shutting down
INFO:     Waiting for application shutdown.
INFO:     Application shutdown complete.
INFO:     Finished server process [9874]
INFO:     Started server process [11791]
INFO:     Waiting for application startup.
INFO:     Application startup complete.
